<?xml version="1.0" encoding="UTF-8"?>
<testng-results skipped="0" failed="0" ignored="0" total="2" passed="2">
  <reporter-output>
  </reporter-output>
  <suite name="Default suite" duration-ms="32718" started-at="2021-07-29T13:15:26Z" finished-at="2021-07-29T13:15:59Z">
    <groups>
    </groups>
    <test name="Default test" duration-ms="32718" started-at="2021-07-29T13:15:26Z" finished-at="2021-07-29T13:15:59Z">
      <class name="com.mystore.testcases.IndexPageTest">
        <test-method status="PASS" signature="loadConfig()[pri:0, instance:com.mystore.testcases.IndexPageTest@146ba0ac]" name="loadConfig" is-config="true" duration-ms="9" started-at="2021-07-29T13:15:26Z" finished-at="2021-07-29T13:15:26Z">
          <reporter-output>
          </reporter-output>
        </test-method> <!-- loadConfig -->
        <test-method status="PASS" signature="setup()[pri:0, instance:com.mystore.testcases.IndexPageTest@146ba0ac]" name="setup" is-config="true" duration-ms="16253" started-at="2021-07-29T13:15:26Z" finished-at="2021-07-29T13:15:43Z">
          <reporter-output>
          </reporter-output>
        </test-method> <!-- setup -->
        <test-method status="PASS" signature="veirfyLogo()[pri:0, instance:com.mystore.testcases.IndexPageTest@146ba0ac]" name="veirfyLogo" duration-ms="125" started-at="2021-07-29T13:15:43Z" finished-at="2021-07-29T13:15:43Z">
          <reporter-output>
          </reporter-output>
        </test-method> <!-- veirfyLogo -->
        <test-method status="PASS" signature="tearDown()[pri:0, instance:com.mystore.testcases.IndexPageTest@146ba0ac]" name="tearDown" is-config="true" duration-ms="753" started-at="2021-07-29T13:15:43Z" finished-at="2021-07-29T13:15:44Z">
          <reporter-output>
          </reporter-output>
        </test-method> <!-- tearDown -->
        <test-method status="PASS" signature="setup()[pri:0, instance:com.mystore.testcases.IndexPageTest@146ba0ac]" name="setup" is-config="true" duration-ms="14789" started-at="2021-07-29T13:15:44Z" finished-at="2021-07-29T13:15:58Z">
          <reporter-output>
          </reporter-output>
        </test-method> <!-- setup -->
        <test-method status="PASS" signature="verifyTitle()[pri:0, instance:com.mystore.testcases.IndexPageTest@146ba0ac]" name="verifyTitle" duration-ms="7" started-at="2021-07-29T13:15:58Z" finished-at="2021-07-29T13:15:58Z">
          <reporter-output>
          </reporter-output>
        </test-method> <!-- verifyTitle -->
        <test-method status="PASS" signature="tearDown()[pri:0, instance:com.mystore.testcases.IndexPageTest@146ba0ac]" name="tearDown" is-config="true" duration-ms="764" started-at="2021-07-29T13:15:58Z" finished-at="2021-07-29T13:15:59Z">
          <reporter-output>
          </reporter-output>
        </test-method> <!-- tearDown -->
      </class> <!-- com.mystore.testcases.IndexPageTest -->
    </test> <!-- Default test -->
  </suite> <!-- Default suite -->
</testng-results>
